{"numTotalTestSuites":16,"numPassedTestSuites":16,"numFailedTestSuites":0,"numPendingTestSuites":0,"numTotalTests":21,"numPassedTests":21,"numFailedTests":0,"numPendingTests":0,"numTodoTests":0,"snapshot":{"added":0,"failure":false,"filesAdded":0,"filesRemoved":0,"filesRemovedList":[],"filesUnmatched":0,"filesUpdated":0,"matched":0,"total":0,"unchecked":0,"uncheckedKeysByFile":[],"unmatched":0,"updated":0,"didUpdate":false},"startTime":1782045988554,"success":true,"testResults":[{"assertionResults":[{"ancestorTitles":["T019 map rendering fallback"],"fullName":"T019 map rendering fallback shows address text instead of an embedded map","status":"passed","title":"shows address text instead of an embedded map","duration":23.207400000000007,"failureMessages":[],"meta":{},"tags":[]},{"ancestorTitles":["T020 mobile navigation layout"],"fullName":"T020 mobile navigation layout hides desktop navigation below the md breakpoint","status":"passed","title":"hides desktop navigation below the md breakpoint","duration":60.04350000000022,"failureMessages":[],"meta":{},"tags":[]}],"startTime":1782045990611,"endTime":1782045990694.0435,"status":"passed","message":"","name":"C:/Users/Alfatech.uz.DESKTOP-VCS0PJE/OneDrive/Desktop/Cursor AI/cowork-restaurant-reviews/web-app/tests/components/layout-behavior.test.tsx"},{"assertionResults":[{"ancestorTitles":["applySessionUpdate"],"fullName":"applySessionUpdate updates fullName and name from a flat payload","status":"passed","title":"updates fullName and name from a flat payload","duration":1.8028999999999087,"failureMessages":[],"meta":{},"tags":[]},{"ancestorTitles":["applySessionUpdate"],"fullName":"applySessionUpdate updates fields from a nested user payload","status":"passed","title":"updates fields from a nested user payload","duration":0.2950999999998203,"failureMessages":[],"meta":{},"tags":[]}],"startTime":1782045990448,"endTime":1782045990450.2952,"status":"passed","message":"","name":"C:/Users/Alfatech.uz.DESKTOP-VCS0PJE/OneDrive/Desktop/Cursor AI/cowork-restaurant-reviews/web-app/tests/unit/apply-session-update.test.ts"},{"assertionResults":[{"ancestorTitles":["blob availability"],"fullName":"blob availability detects a local read-write token","status":"passed","title":"detects a local read-write token","duration":11.776399999999967,"failureMessages":[],"meta":{},"tags":[]},{"ancestorTitles":["blob availability"],"fullName":"blob availability detects OIDC runtime credentials","status":"passed","title":"detects OIDC runtime credentials","duration":0.6164000000001124,"failureMessages":[],"meta":{},"tags":[]},{"ancestorTitles":["blob availability"],"fullName":"blob availability detects a linked Vercel Blob store without a static token","status":"passed","title":"detects a linked Vercel Blob store without a static token","duration":0.4537000000000262,"failureMessages":[],"meta":{},"tags":[]},{"ancestorTitles":["blob availability"],"fullName":"blob availability returns false when no blob credentials are configured","status":"passed","title":"returns false when no blob credentials are configured","duration":0.36789999999996326,"failureMessages":[],"meta":{},"tags":[]}],"startTime":1782045990438,"endTime":1782045990451.368,"status":"passed","message":"","name":"C:/Users/Alfatech.uz.DESKTOP-VCS0PJE/OneDrive/Desktop/Cursor AI/cowork-restaurant-reviews/web-app/tests/unit/blob-availability.test.ts"},{"assertionResults":[{"ancestorTitles":["T018 average rating calculation"],"fullName":"T018 average rating calculation returns null when there are no reviews","status":"passed","title":"returns null when there are no reviews","duration":1.8491999999998825,"failureMessages":[],"meta":{},"tags":[]},{"ancestorTitles":["T018 average rating calculation"],"fullName":"T018 average rating calculation calculates the arithmetic mean of review ratings","status":"passed","title":"calculates the arithmetic mean of review ratings","duration":0.4670000000000982,"failureMessages":[],"meta":{},"tags":[]},{"ancestorTitles":["T018 average rating calculation"],"fullName":"T018 average rating calculation handles a single review","status":"passed","title":"handles a single review","duration":0.2419999999999618,"failureMessages":[],"meta":{},"tags":[]}],"startTime":1782045990446,"endTime":1782045990449.242,"status":"passed","message":"","name":"C:/Users/Alfatech.uz.DESKTOP-VCS0PJE/OneDrive/Desktop/Cursor AI/cowork-restaurant-reviews/web-app/tests/unit/compute-average-rating.test.ts"},{"assertionResults":[{"ancestorTitles":["T005 admin access rules"],"fullName":"T005 admin access rules allows only admins into the admin area","status":"passed","title":"allows only admins into the admin area","duration":1.4152000000001408,"failureMessages":[],"meta":{},"tags":[]},{"ancestorTitles":["T005 admin access rules"],"fullName":"T005 admin access rules prevents admins from deactivating or demoting themselves","status":"passed","title":"prevents admins from deactivating or demoting themselves","duration":0.2459000000001197,"failureMessages":[],"meta":{},"tags":[]},{"ancestorTitles":["T013 review permission rules"],"fullName":"T013 review permission rules allows owners and admins to manage reviews","status":"passed","title":"allows owners and admins to manage reviews","duration":0.19100000000003092,"failureMessages":[],"meta":{},"tags":[]},{"ancestorTitles":["T013 review permission rules"],"fullName":"T013 review permission rules blocks other users from managing someone else's review","status":"passed","title":"blocks other users from managing someone else's review","duration":0.13959999999997308,"failureMessages":[],"meta":{},"tags":[]}],"startTime":1782045990452,"endTime":1782045990454.191,"status":"passed","message":"","name":"C:/Users/Alfatech.uz.DESKTOP-VCS0PJE/OneDrive/Desktop/Cursor AI/cowork-restaurant-reviews/web-app/tests/unit/permissions.test.ts"},{"assertionResults":[{"ancestorTitles":["uploaded image URL helpers"],"fullName":"uploaded image URL helpers accepts local upload paths and cloud URLs","status":"passed","title":"accepts local upload paths and cloud URLs","duration":1.8861000000001695,"failureMessages":[],"meta":{},"tags":[]},{"ancestorTitles":["uploaded image URL helpers"],"fullName":"uploaded image URL helpers normalizes absolute localhost URLs to relative upload paths","status":"passed","title":"normalizes absolute localhost URLs to relative upload paths","duration":0.33950000000004366,"failureMessages":[],"meta":{},"tags":[]}],"startTime":1782045990465,"endTime":1782045990467.3396,"status":"passed","message":"","name":"C:/Users/Alfatech.uz.DESKTOP-VCS0PJE/OneDrive/Desktop/Cursor AI/cowork-restaurant-reviews/web-app/tests/unit/uploaded-image-url.test.ts"},{"assertionResults":[{"ancestorTitles":["T017 image validation"],"fullName":"T017 image validation accepts a valid PNG file","status":"passed","title":"accepts a valid PNG file","duration":3.470299999999952,"failureMessages":[],"meta":{},"tags":[]},{"ancestorTitles":["T017 image validation"],"fullName":"T017 image validation rejects files larger than 5 MB","status":"passed","title":"rejects files larger than 5 MB","duration":2.6878999999998996,"failureMessages":[],"meta":{},"tags":[]},{"ancestorTitles":["T017 image validation"],"fullName":"T017 image validation rejects unsupported file types","status":"passed","title":"rejects unsupported file types","duration":0.537599999999884,"failureMessages":[],"meta":{},"tags":[]},{"ancestorTitles":["T017 image validation"],"fullName":"T017 image validation rejects empty files","status":"passed","title":"rejects empty files","duration":0.2856000000001586,"failureMessages":[],"meta":{},"tags":[]}],"startTime":1782045990467,"endTime":1782045990474.2856,"status":"passed","message":"","name":"C:/Users/Alfatech.uz.DESKTOP-VCS0PJE/OneDrive/Desktop/Cursor AI/cowork-restaurant-reviews/web-app/tests/unit/validate-image-file.test.ts"}]}