{"numTotalTestSuites":12,"numPassedTestSuites":12,"numFailedTestSuites":0,"numPendingTestSuites":0,"numTotalTests":15,"numPassedTests":15,"numFailedTests":0,"numPendingTests":0,"numTodoTests":0,"snapshot":{"added":0,"failure":false,"filesAdded":0,"filesRemoved":0,"filesRemovedList":[],"filesUnmatched":0,"filesUpdated":0,"matched":0,"total":0,"unchecked":0,"uncheckedKeysByFile":[],"unmatched":0,"updated":0,"didUpdate":false},"startTime":1782030800660,"success":true,"testResults":[{"assertionResults":[{"ancestorTitles":["T019 map rendering fallback"],"fullName":"T019 map rendering fallback shows address text instead of an embedded map","status":"passed","title":"shows address text instead of an embedded map","duration":21.50780000000009,"failureMessages":[],"meta":{},"tags":[]},{"ancestorTitles":["T020 mobile navigation layout"],"fullName":"T020 mobile navigation layout hides desktop navigation below the md breakpoint","status":"passed","title":"hides desktop navigation below the md breakpoint","duration":62.423500000000104,"failureMessages":[],"meta":{},"tags":[]}],"startTime":1782030802539,"endTime":1782030802623.4236,"status":"passed","message":"","name":"C:/Users/Alfatech.uz.DESKTOP-VCS0PJE/OneDrive/Desktop/Cursor AI/cowork-restaurant-reviews/web-app/tests/components/layout-behavior.test.tsx"},{"assertionResults":[{"ancestorTitles":["T018 average rating calculation"],"fullName":"T018 average rating calculation returns null when there are no reviews","status":"passed","title":"returns null when there are no reviews","duration":1.7577000000001135,"failureMessages":[],"meta":{},"tags":[]},{"ancestorTitles":["T018 average rating calculation"],"fullName":"T018 average rating calculation calculates the arithmetic mean of review ratings","status":"passed","title":"calculates the arithmetic mean of review ratings","duration":0.2839999999998781,"failureMessages":[],"meta":{},"tags":[]},{"ancestorTitles":["T018 average rating calculation"],"fullName":"T018 average rating calculation handles a single review","status":"passed","title":"handles a single review","duration":0.17570000000000618,"failureMessages":[],"meta":{},"tags":[]}],"startTime":1782030802393,"endTime":1782030802395.284,"status":"passed","message":"","name":"C:/Users/Alfatech.uz.DESKTOP-VCS0PJE/OneDrive/Desktop/Cursor AI/cowork-restaurant-reviews/web-app/tests/unit/compute-average-rating.test.ts"},{"assertionResults":[{"ancestorTitles":["T005 admin access rules"],"fullName":"T005 admin access rules allows only admins into the admin area","status":"passed","title":"allows only admins into the admin area","duration":1.5325000000000273,"failureMessages":[],"meta":{},"tags":[]},{"ancestorTitles":["T005 admin access rules"],"fullName":"T005 admin access rules prevents admins from deactivating or demoting themselves","status":"passed","title":"prevents admins from deactivating or demoting themselves","duration":0.23450000000002547,"failureMessages":[],"meta":{},"tags":[]},{"ancestorTitles":["T013 review permission rules"],"fullName":"T013 review permission rules allows owners and admins to manage reviews","status":"passed","title":"allows owners and admins to manage reviews","duration":0.18499999999994543,"failureMessages":[],"meta":{},"tags":[]},{"ancestorTitles":["T013 review permission rules"],"fullName":"T013 review permission rules blocks other users from managing someone else's review","status":"passed","title":"blocks other users from managing someone else's review","duration":0.14650000000006003,"failureMessages":[],"meta":{},"tags":[]}],"startTime":1782030802402,"endTime":1782030802404.185,"status":"passed","message":"","name":"C:/Users/Alfatech.uz.DESKTOP-VCS0PJE/OneDrive/Desktop/Cursor AI/cowork-restaurant-reviews/web-app/tests/unit/permissions.test.ts"},{"assertionResults":[{"ancestorTitles":["uploaded image URL helpers"],"fullName":"uploaded image URL helpers accepts local upload paths and cloud URLs","status":"passed","title":"accepts local upload paths and cloud URLs","duration":1.6821999999999662,"failureMessages":[],"meta":{},"tags":[]},{"ancestorTitles":["uploaded image URL helpers"],"fullName":"uploaded image URL helpers normalizes absolute localhost URLs to relative upload paths","status":"passed","title":"normalizes absolute localhost URLs to relative upload paths","duration":0.2495000000001255,"failureMessages":[],"meta":{},"tags":[]}],"startTime":1782030802407,"endTime":1782030802409.2495,"status":"passed","message":"","name":"C:/Users/Alfatech.uz.DESKTOP-VCS0PJE/OneDrive/Desktop/Cursor AI/cowork-restaurant-reviews/web-app/tests/unit/uploaded-image-url.test.ts"},{"assertionResults":[{"ancestorTitles":["T017 image validation"],"fullName":"T017 image validation accepts a valid PNG file","status":"passed","title":"accepts a valid PNG file","duration":2.20049999999992,"failureMessages":[],"meta":{},"tags":[]},{"ancestorTitles":["T017 image validation"],"fullName":"T017 image validation rejects files larger than 5 MB","status":"passed","title":"rejects files larger than 5 MB","duration":2.880300000000034,"failureMessages":[],"meta":{},"tags":[]},{"ancestorTitles":["T017 image validation"],"fullName":"T017 image validation rejects unsupported file types","status":"passed","title":"rejects unsupported file types","duration":0.4126000000001113,"failureMessages":[],"meta":{},"tags":[]},{"ancestorTitles":["T017 image validation"],"fullName":"T017 image validation rejects empty files","status":"passed","title":"rejects empty files","duration":0.2340999999998985,"failureMessages":[],"meta":{},"tags":[]}],"startTime":1782030802414,"endTime":1782030802420.2341,"status":"passed","message":"","name":"C:/Users/Alfatech.uz.DESKTOP-VCS0PJE/OneDrive/Desktop/Cursor AI/cowork-restaurant-reviews/web-app/tests/unit/validate-image-file.test.ts"}]}